This is pdfTeX, Version 3.14159265-2.6-1.40.16 (MiKTeX 2.9 64-bit) (preloaded format=latex 2016.5.13)  20 DEC 2016 11:11
entering extended mode
**./Newton.tex
(Newton.tex
LaTeX2e <2015/10/01> patch level 2
Babel <3.9n> and hyphenation patterns for 69 languages loaded.
("C:\Program Files\MiKTeX 2.9\tex\latex\base\article.cls"
Document Class: article 2014/09/29 v1.4h Standard LaTeX document class
("C:\Program Files\MiKTeX 2.9\tex\latex\base\size12.clo"
File: size12.clo 2014/09/29 v1.4h Standard LaTeX file (size option)
)
\c@part=\count79
\c@section=\count80
\c@subsection=\count81
\c@subsubsection=\count82
\c@paragraph=\count83
\c@subparagraph=\count84
\c@figure=\count85
\c@table=\count86
\abovecaptionskip=\skip41
\belowcaptionskip=\skip42
\bibindent=\dimen102
) ("C:\Program Files\MiKTeX 2.9\tex\latex\amsmath\amsmath.sty"
Package: amsmath 2013/01/14 v2.14 AMS math features
\@mathmargin=\skip43

For additional information on amsmath, use the `?' option.
("C:\Program Files\MiKTeX 2.9\tex\latex\amsmath\amstext.sty"
Package: amstext 2000/06/29 v2.01
 ("C:\Program Files\MiKTeX 2.9\tex\latex\amsmath\amsgen.sty"
File: amsgen.sty 1999/11/30 v2.0
\@emptytoks=\toks14
\ex@=\dimen103
)) ("C:\Program Files\MiKTeX 2.9\tex\latex\amsmath\amsbsy.sty"
Package: amsbsy 1999/11/29 v1.2d
\pmbraise@=\dimen104
)
("C:\Program Files\MiKTeX 2.9\tex\latex\amsmath\amsopn.sty"
Package: amsopn 1999/12/14 v2.01 operator names
)
\inf@bad=\count87
LaTeX Info: Redefining \frac on input line 210.
\uproot@=\count88
\leftroot@=\count89
LaTeX Info: Redefining \overline on input line 306.
\classnum@=\count90
\DOTSCASE@=\count91
LaTeX Info: Redefining \ldots on input line 378.
LaTeX Info: Redefining \dots on input line 381.
LaTeX Info: Redefining \cdots on input line 466.
\Mathstrutbox@=\box26
\strutbox@=\box27
\big@size=\dimen105
LaTeX Font Info:    Redeclaring font encoding OML on input line 566.
LaTeX Font Info:    Redeclaring font encoding OMS on input line 567.
\macc@depth=\count92
\c@MaxMatrixCols=\count93
\dotsspace@=\muskip10
\c@parentequation=\count94
\dspbrk@lvl=\count95
\tag@help=\toks15
\row@=\count96
\column@=\count97
\maxfields@=\count98
\andhelp@=\toks16
\eqnshift@=\dimen106
\alignsep@=\dimen107
\tagshift@=\dimen108
\tagwidth@=\dimen109
\totwidth@=\dimen110
\lineht@=\dimen111
\@envbody=\toks17
\multlinegap=\skip44
\multlinetaggap=\skip45
\mathdisplay@stack=\toks18
LaTeX Info: Redefining \[ on input line 2665.
LaTeX Info: Redefining \] on input line 2666.
)
("C:\Program Files\MiKTeX 2.9\tex\latex\amsfonts\amsfonts.sty"
Package: amsfonts 2013/01/14 v3.01 Basic AMSFonts support
\symAMSa=\mathgroup4
\symAMSb=\mathgroup5
LaTeX Font Info:    Overwriting math alphabet `\mathfrak' in version `bold'
(Font)                  U/euf/m/n --> U/euf/b/n on input line 106.
) ("C:\Program Files\MiKTeX 2.9\tex\latex\amscls\amsthm.sty"
Package: amsthm 2015/03/04 v2.20.2
\thm@style=\toks19
\thm@bodyfont=\toks20
\thm@headfont=\toks21
\thm@notefont=\toks22
\thm@headpunct=\toks23
\thm@preskip=\skip46
\thm@postskip=\skip47
\thm@headsep=\skip48
\dth@everypar=\toks24
) ("C:\Program Files\MiKTeX 2.9\tex\latex\pstricks\pstricks.sty"
Package: pstricks 2015/11/14 v0.62 LaTeX wrapper for `PSTricks' (RN,HV)

("C:\Program Files\MiKTeX 2.9\tex\latex\xcolor\xcolor.sty"
Package: xcolor 2007/01/21 v2.11 LaTeX color extensions (UK)
 ("C:\Program Files\MiKTeX 2.9\tex\latex\00miktex\color.cfg"
File: color.cfg 2007/01/18 v1.5 color configuration of teTeX/TeXLive
)
Package xcolor Info: Driver file: dvips.def on input line 225.

("C:\Program Files\MiKTeX 2.9\tex\latex\graphics\dvips.def"
File: dvips.def 2014/10/14 v3.0j Driver-dependent file (DPC,SPQR)
)
Package xcolor Info: Model `cmy' substituted by `cmy0' on input line 1337.
Package xcolor Info: Model `RGB' extended on input line 1353.
Package xcolor Info: Model `HTML' substituted by `rgb' on input line 1355.
Package xcolor Info: Model `Hsb' substituted by `hsb' on input line 1356.
Package xcolor Info: Model `tHsb' substituted by `hsb' on input line 1357.
Package xcolor Info: Model `HSB' substituted by `hsb' on input line 1358.
Package xcolor Info: Model `Gray' substituted by `gray' on input line 1359.
Package xcolor Info: Model `wave' substituted by `hsb' on input line 1360.
)
("C:\Program Files\MiKTeX 2.9\tex\generic\pstricks\base\pstricks.tex"
("C:\Program Files\MiKTeX 2.9\tex\generic\xkeyval\pst-xkey.tex"
File: pst-xkey.tex 2005/11/25 v1.6 PSTricks specialization of xkeyval (HA)

("C:\Program Files\MiKTeX 2.9\tex\latex\xkeyval\xkeyval.sty"
Package: xkeyval 2014/12/03 v2.7a package option processing (HA)

("C:\Program Files\MiKTeX 2.9\tex\generic\xkeyval\xkeyval.tex"
("C:\Program Files\MiKTeX 2.9\tex\generic\xkeyval\xkvutils.tex"
\XKV@toks=\toks25
\XKV@tempa@toks=\toks26

("C:\Program Files\MiKTeX 2.9\tex\generic\xkeyval\keyval.tex"))
\XKV@depth=\count99
File: xkeyval.tex 2014/12/03 v2.7a key=value parser (HA)
)))
("C:\Program Files\MiKTeX 2.9\tex\generic\pstricks\base\pst-fp.tex" `pst-fp' v0.05, 2010/01/17 (hv)
\pstFP@xs=\count100
\pstFP@xia=\count101
\pstFP@xib=\count102
\pstFP@xfa=\count103
\pstFP@xfb=\count104
\pstFP@rega=\count105
\pstFP@regb=\count106
\pstFP@regs=\count107
\pstFP@times=\count108
)
("C:\Program Files\MiKTeX 2.9\tex\generic\pgf\utilities\pgfutil-common.tex"
\pgfutil@everybye=\toks27
\pgfutil@tempdima=\dimen112
\pgfutil@tempdimb=\dimen113

("C:\Program Files\MiKTeX 2.9\tex\generic\pgf\utilities\pgfutil-common-lists.tex"))
("C:\Program Files\MiKTeX 2.9\tex\generic\pgf\utilities\pgfkeys.code.tex"
\pgfkeys@pathtoks=\toks28
\pgfkeys@temptoks=\toks29

("C:\Program Files\MiKTeX 2.9\tex\generic\pgf\utilities\pgfkeysfiltered.code.tex"
\pgfkeys@tmptoks=\toks30
))
("C:\Program Files\MiKTeX 2.9\tex\generic\pgf\utilities\pgffor.code.tex"
("C:\Program Files\MiKTeX 2.9\tex\generic\pgf\math\pgfmath.code.tex"
("C:\Program Files\MiKTeX 2.9\tex\generic\pgf\math\pgfmathcalc.code.tex"
("C:\Program Files\MiKTeX 2.9\tex\generic\pgf\math\pgfmathutil.code.tex"
\pgf@x=\dimen114
\pgf@xa=\dimen115
\pgf@xb=\dimen116
\pgf@xc=\dimen117
\pgf@y=\dimen118
\pgf@ya=\dimen119
\pgf@yb=\dimen120
\pgf@yc=\dimen121
\c@pgf@counta=\count109
\c@pgf@countb=\count110
\c@pgf@countc=\count111
\c@pgf@countd=\count112
\pgfutil@tempcnta=\count113
\pgfutil@tempcntb=\count114
)
("C:\Program Files\MiKTeX 2.9\tex\generic\pgf\math\pgfmathparser.code.tex"
\pgfmath@dimen=\dimen122
\pgfmath@count=\count115
\pgfmath@box=\box28
\pgfmath@toks=\toks31
\pgfmath@stack@operand=\toks32
\pgfmath@stack@operation=\toks33
)
("C:\Program Files\MiKTeX 2.9\tex\generic\pgf\math\pgfmathfunctions.code.tex"
("C:\Program Files\MiKTeX 2.9\tex\generic\pgf\math\pgfmathfunctions.basic.code.tex")
("C:\Program Files\MiKTeX 2.9\tex\generic\pgf\math\pgfmathfunctions.trigonometric.code.tex")
("C:\Program Files\MiKTeX 2.9\tex\generic\pgf\math\pgfmathfunctions.random.code.tex")
("C:\Program Files\MiKTeX 2.9\tex\generic\pgf\math\pgfmathfunctions.comparison.code.tex")
("C:\Program Files\MiKTeX 2.9\tex\generic\pgf\math\pgfmathfunctions.base.code.tex")
("C:\Program Files\MiKTeX 2.9\tex\generic\pgf\math\pgfmathfunctions.round.code.tex")
("C:\Program Files\MiKTeX 2.9\tex\generic\pgf\math\pgfmathfunctions.misc.code.tex")
("C:\Program Files\MiKTeX 2.9\tex\generic\pgf\math\pgfmathfunctions.integerarithmetics.code.tex")))
("C:\Program Files\MiKTeX 2.9\tex\generic\pgf\math\pgfmathfloat.code.tex"
\c@pgfmathroundto@lastzeros=\count116
))
\pgffor@iter=\dimen123
\pgffor@skip=\dimen124
\pgffor@stack=\toks34
\pgffor@toks=\toks35
)
\psLoopIndex=\count117

`PSTricks' v2.64b  <2015/14/11> (tvz)
\pst@dima=\dimen125
\pst@dimb=\dimen126
\pst@dimc=\dimen127
\pst@dimd=\dimen128
\pst@dimg=\dimen129
\pst@dimh=\dimen130
\pst@dimm=\dimen131
\pst@dimn=\dimen132
\pst@dimo=\dimen133
\pst@dimp=\dimen134
\pst@hbox=\box29
\pst@ibox=\box30
\pst@boxg=\box31
\pst@cnta=\count118
\pst@cntb=\count119
\pst@cntc=\count120
\pst@cntd=\count121
\pst@cntg=\count122
\pst@cnth=\count123
\pst@cntm=\count124
\pst@cntn=\count125
\pst@cnto=\count126
\pst@cntp=\count127
\@zero=\count128
\pst@toks=\toks36
("C:\Program Files\MiKTeX 2.9\tex\generic\pstricks\base\pstricks.con")
\psunit=\dimen135
\psxunit=\dimen136
\psyunit=\dimen137
\pst@C@@rType=\count129
\pslinewidth=\dimen138
\psk@startLW=\dimen139
\psk@endLW=\dimen140
\pst@customdefs=\toks37
\pslinearc=\dimen141
\pst@symbolStep=\dimen142
\pst@symbolWidth=\dimen143
\pst@symbolLinewidth=\dimen144
\everypsbox=\toks38
\psframesep=\dimen145
\pslabelsep=\dimen146
\sh@wgridXunit=\dimen147
\sh@wgridYunit=\dimen148
\pst@shift=\dimen149
)
File: pstricks.tex 2015/14/11 v2.64b `PSTricks' (tvz,hv)

("C:\Program Files\MiKTeX 2.9\tex\generic\pstricks\base\pst-fp.tex")
File: pst-fp.tex 2015/14/11 v2.64b `PST-fp' (hv)
)
("C:\Program Files\MiKTeX 2.9\tex\latex\pst-plot\pst-plot.sty"
Package: pst-plot 2011/06/05 v1.00 LaTeX wrapper for `pst-plot' (HV)

("C:\Program Files\MiKTeX 2.9\tex\latex\xkeyval\pst-xkey.sty"
Package: pst-xkey 2005/11/25 v1.6 package wrapper for pst-xkey.tex (HA)
)
("C:\Program Files\MiKTeX 2.9\tex\latex\multido\multido.sty"
Package: multido 2004/05/17 package wrapper for PSTricks `multido.tex', (HV/RN)

("C:\Program Files\MiKTeX 2.9\tex\generic\multido\multido.tex"  v1.42, 2010/05/14 <tvz>
\multido@count=\count130
\multidocount=\count131
\multido@stuff=\toks39
)
File: multido.tex 2010/05/14 v1.42 `multido' (tvz,hv)
)
Package: pst-plot 2011/04/13 package wrapper for pst-plot.tex (hv)

("C:\Program Files\MiKTeX 2.9\tex\generic\pst-plot\pst-plot.tex"
("C:\Program Files\MiKTeX 2.9\tex\generic\pst-tools\pst-tools.tex" `PST-tools' v0.05, 2014/05/12 (hv))
 v1.70, 2014/08/23 (tvz,hv)
\pstRadUnit=\dimen150
\pstRadUnitInv=\dimen151
\pst@linecnt=\count132
\RCD@file=\read1
\psxlabelsep=\dimen152
\psylabelsep=\dimen153
\psk@subticksize=\dimen154
\pst@xticksizeA=\dimen155
\pst@xticksizeB=\dimen156
\pst@xticksizeC=\dimen157
\pst@yticksizeA=\dimen158
\pst@yticksizeB=\dimen159
\pst@yticksizeC=\dimen160
\@digitcounter=\count133
\psk@llx=\dimen161
\psk@lly=\dimen162
\psk@urx=\dimen163
\psk@ury=\dimen164
\pst@xunit=\dimen165
\pst@yunit=\dimen166
)
File: pst-plot.tex 2014/08/23 1.70 `pst-plot' (tvz,hv)
) ("C:\Program Files\MiKTeX 2.9\tex\latex\graphics\graphicx.sty"
Package: graphicx 2014/10/28 v1.0g Enhanced LaTeX Graphics (DPC,SPQR)

("C:\Program Files\MiKTeX 2.9\tex\latex\graphics\graphics.sty"
Package: graphics 2014/10/28 v1.0p Standard LaTeX Graphics (DPC,SPQR)
 ("C:\Program Files\MiKTeX 2.9\tex\latex\graphics\trig.sty"
Package: trig 1999/03/16 v1.09 sin cos tan (DPC)
) ("C:\Program Files\MiKTeX 2.9\tex\latex\00miktex\graphics.cfg"
File: graphics.cfg 2007/01/18 v1.5 graphics configuration of teTeX/TeXLive
)
Package graphics Info: Driver file: dvips.def on input line 94.
)
\Gin@req@height=\dimen167
\Gin@req@width=\dimen168
)
("C:\Program Files\MiKTeX 2.9\tex\generic\babel\babel.sty"
Package: babel 2016/01/08 3.9n The Babel package

*************************************
* Local config file bblopts.cfg used
*
("C:\Program Files\MiKTeX 2.9\tex\latex\00miktex\bblopts.cfg"
File: bblopts.cfg 2006/07/31 v1.0 MiKTeX 'babel' configuration
)
("C:\Program Files\MiKTeX 2.9\tex\latex\babel-portuges\portuges.ldf"
Language: portuges 2008/03/18 v1.2q Portuguese support from the babel system

("C:\Program Files\MiKTeX 2.9\tex\generic\babel\babel.def"
File: babel.def 2016/01/08 3.9n Babel common definitions
\babel@savecnt=\count134
\U@D=\dimen169
)
\l@brazil = a dialect from \language\l@portuges 
Package babel Info: Making " an active character on input line 145.
)) ("C:\Program Files\MiKTeX 2.9\tex\latex\base\inputenc.sty"
Package: inputenc 2015/03/17 v1.2c Input encoding file
\inpenc@prehook=\toks40
\inpenc@posthook=\toks41
("C:\Program Files\MiKTeX 2.9\tex\latex\base\latin1.def"
File: latin1.def 2015/03/17 v1.2c Input encoding file
)) ("C:\Program Files\MiKTeX 2.9\tex\latex\tools\indentfirst.sty"
Package: indentfirst 1995/11/23 v1.03 Indent first paragraph (DPC)
) ("C:\Program Files\MiKTeX 2.9\tex\latex\tools\enumerate.sty"
Package: enumerate 2015/07/23 v3.00 enumerate extensions (DPC)
\@enLab=\toks42
)
No file Newton.aux.
\openout1 = `Newton.aux'.

LaTeX Font Info:    Checking defaults for OML/cmm/m/it on input line 23.
LaTeX Font Info:    ... okay on input line 23.
LaTeX Font Info:    Checking defaults for T1/cmr/m/n on input line 23.
LaTeX Font Info:    ... okay on input line 23.
LaTeX Font Info:    Checking defaults for OT1/cmr/m/n on input line 23.
LaTeX Font Info:    ... okay on input line 23.
LaTeX Font Info:    Checking defaults for OMS/cmsy/m/n on input line 23.
LaTeX Font Info:    ... okay on input line 23.
LaTeX Font Info:    Checking defaults for OMX/cmex/m/n on input line 23.
LaTeX Font Info:    ... okay on input line 23.
LaTeX Font Info:    Checking defaults for U/cmr/m/n on input line 23.
LaTeX Font Info:    ... okay on input line 23.
LaTeX Font Info:    Try loading font information for OMS+cmr on input line 37.
("C:\Program Files\MiKTeX 2.9\tex\latex\base\omscmr.fd"
File: omscmr.fd 2014/09/29 v2.5h Standard LaTeX font definitions
)
LaTeX Font Info:    Font shape `OMS/cmr/m/n' in size <12> not available
(Font)              Font shape `OMS/cmsy/m/n' tried instead on input line 37.
LaTeX Font Info:    Try loading font information for U+msa on input line 37.
 ("C:\Program Files\MiKTeX 2.9\tex\latex\amsfonts\umsa.fd"
File: umsa.fd 2013/01/14 v3.01 AMS symbols A
)
LaTeX Font Info:    Try loading font information for U+msb on input line 37.

("C:\Program Files\MiKTeX 2.9\tex\latex\amsfonts\umsb.fd"
File: umsb.fd 2013/01/14 v3.01 AMS symbols B
) [1

] [2] (Newton.aux) ) 
Here is how much of TeX's memory you used:
 9589 strings out of 493635
 166651 string characters out of 3143764
 247570 words of memory out of 3000000
 12850 multiletter control sequences out of 15000+200000
 11352 words of font info for 45 fonts, out of 3000000 for 9000
 1025 hyphenation exceptions out of 8191
 37i,7n,51p,503b,149s stack positions out of 5000i,500n,10000p,200000b,50000s

Output written on Newton.dvi (2 pages, 5284 bytes).
